<?xml version="1.0" encoding="UTF-8"?>
<testsuite xmlns:xsi="http://www.w3.org/2001/XMLSchema-instance" xsi:noNamespaceSchemaLocation="https://maven.apache.org/surefire/maven-surefire-plugin/xsd/surefire-test-report.xsd" name="de.check24.challenge.web.controller.IndexControllerTest" time="0.082" tests="1" errors="0" skipped="0" failures="0">
  <properties>
    <property name="java.specification.version" value="17"/>
    <property name="sun.jnu.encoding" value="UTF-8"/>
    <property name="java.class.path" value="/Users/fatemehjafari/Downloads/check24-coding-challenge/target/test-classes:/Users/fatemehjafari/Downloads/check24-coding-challenge/target/classes:/Users/fatemehjafari/.m2/repository/org/springframework/boot/spring-boot-starter-web/3.0.7/spring-boot-starter-web-3.0.7.jar:/Users/fatemehjafari/.m2/repository/org/springframework/boot/spring-boot-starter/3.0.7/spring-boot-starter-3.0.7.jar:/Users/fatemehjafari/.m2/repository/org/springframework/boot/spring-boot-starter-logging/3.0.7/spring-boot-starter-logging-3.0.7.jar:/Users/fatemehjafari/.m2/repository/ch/qos/logback/logback-classic/1.4.7/logback-classic-1.4.7.jar:/Users/fatemehjafari/.m2/repository/ch/qos/logback/logback-core/1.4.7/logback-core-1.4.7.jar:/Users/fatemehjafari/.m2/repository/org/apache/logging/log4j/log4j-to-slf4j/2.19.0/log4j-to-slf4j-2.19.0.jar:/Users/fatemehjafari/.m2/repository/org/apache/logging/log4j/log4j-api/2.19.0/log4j-api-2.19.0.jar:/Users/fatemehjafari/.m2/repository/org/slf4j/jul-to-slf4j/2.0.7/jul-to-slf4j-2.0.7.jar:/Users/fatemehjafari/.m2/repository/jakarta/annotation/jakarta.annotation-api/2.1.1/jakarta.annotation-api-2.1.1.jar:/Users/fatemehjafari/.m2/repository/org/yaml/snakeyaml/1.33/snakeyaml-1.33.jar:/Users/fatemehjafari/.m2/repository/org/springframework/boot/spring-boot-starter-json/3.0.7/spring-boot-starter-json-3.0.7.jar:/Users/fatemehjafari/.m2/repository/com/fasterxml/jackson/core/jackson-databind/2.14.3/jackson-databind-2.14.3.jar:/Users/fatemehjafari/.m2/repository/com/fasterxml/jackson/core/jackson-annotations/2.14.3/jackson-annotations-2.14.3.jar:/Users/fatemehjafari/.m2/repository/com/fasterxml/jackson/core/jackson-core/2.14.3/jackson-core-2.14.3.jar:/Users/fatemehjafari/.m2/repository/com/fasterxml/jackson/datatype/jackson-datatype-jdk8/2.14.3/jackson-datatype-jdk8-2.14.3.jar:/Users/fatemehjafari/.m2/repository/com/fasterxml/jackson/datatype/jackson-datatype-jsr310/2.14.3/jackson-datatype-jsr310-2.14.3.jar:/Users/fatemehjafari/.m2/repository/com/fasterxml/jackson/module/jackson-module-parameter-names/2.14.3/jackson-module-parameter-names-2.14.3.jar:/Users/fatemehjafari/.m2/repository/org/springframework/boot/spring-boot-starter-tomcat/3.0.7/spring-boot-starter-tomcat-3.0.7.jar:/Users/fatemehjafari/.m2/repository/org/apache/tomcat/embed/tomcat-embed-core/10.1.8/tomcat-embed-core-10.1.8.jar:/Users/fatemehjafari/.m2/repository/org/apache/tomcat/embed/tomcat-embed-el/10.1.8/tomcat-embed-el-10.1.8.jar:/Users/fatemehjafari/.m2/repository/org/apache/tomcat/embed/tomcat-embed-websocket/10.1.8/tomcat-embed-websocket-10.1.8.jar:/Users/fatemehjafari/.m2/repository/org/springframework/spring-web/6.0.9/spring-web-6.0.9.jar:/Users/fatemehjafari/.m2/repository/org/springframework/spring-beans/6.0.9/spring-beans-6.0.9.jar:/Users/fatemehjafari/.m2/repository/org/springframework/spring-webmvc/6.0.9/spring-webmvc-6.0.9.jar:/Users/fatemehjafari/.m2/repository/org/springframework/spring-aop/6.0.9/spring-aop-6.0.9.jar:/Users/fatemehjafari/.m2/repository/org/springframework/spring-context/6.0.9/spring-context-6.0.9.jar:/Users/fatemehjafari/.m2/repository/org/springframework/spring-expression/6.0.9/spring-expression-6.0.9.jar:/Users/fatemehjafari/.m2/repository/org/springframework/boot/spring-boot-starter-thymeleaf/3.0.7/spring-boot-starter-thymeleaf-3.0.7.jar:/Users/fatemehjafari/.m2/repository/org/thymeleaf/thymeleaf-spring6/3.1.1.RELEASE/thymeleaf-spring6-3.1.1.RELEASE.jar:/Users/fatemehjafari/.m2/repository/org/thymeleaf/thymeleaf/3.1.1.RELEASE/thymeleaf-3.1.1.RELEASE.jar:/Users/fatemehjafari/.m2/repository/org/attoparser/attoparser/2.0.6.RELEASE/attoparser-2.0.6.RELEASE.jar:/Users/fatemehjafari/.m2/repository/org/unbescape/unbescape/1.1.6.RELEASE/unbescape-1.1.6.RELEASE.jar:/Users/fatemehjafari/.m2/repository/org/slf4j/slf4j-api/2.0.7/slf4j-api-2.0.7.jar:/Users/fatemehjafari/.m2/repository/org/projectlombok/lombok/1.18.26/lombok-1.18.26.jar:/Users/fatemehjafari/.m2/repository/org/springframework/boot/spring-boot-starter-test/3.0.7/spring-boot-starter-test-3.0.7.jar:/Users/fatemehjafari/.m2/repository/org/springframework/boot/spring-boot-test/3.0.7/spring-boot-test-3.0.7.jar:/Users/fatemehjafari/.m2/repository/org/springframework/boot/spring-boot-test-autoconfigure/3.0.7/spring-boot-test-autoconfigure-3.0.7.jar:/Users/fatemehjafari/.m2/repository/com/jayway/jsonpath/json-path/2.7.0/json-path-2.7.0.jar:/Users/fatemehjafari/.m2/repository/net/minidev/json-smart/2.4.11/json-smart-2.4.11.jar:/Users/fatemehjafari/.m2/repository/net/minidev/accessors-smart/2.4.11/accessors-smart-2.4.11.jar:/Users/fatemehjafari/.m2/repository/org/ow2/asm/asm/9.3/asm-9.3.jar:/Users/fatemehjafari/.m2/repository/jakarta/xml/bind/jakarta.xml.bind-api/4.0.0/jakarta.xml.bind-api-4.0.0.jar:/Users/fatemehjafari/.m2/repository/jakarta/activation/jakarta.activation-api/2.1.2/jakarta.activation-api-2.1.2.jar:/Users/fatemehjafari/.m2/repository/org/assertj/assertj-core/3.23.1/assertj-core-3.23.1.jar:/Users/fatemehjafari/.m2/repository/net/bytebuddy/byte-buddy/1.12.23/byte-buddy-1.12.23.jar:/Users/fatemehjafari/.m2/repository/org/hamcrest/hamcrest/2.2/hamcrest-2.2.jar:/Users/fatemehjafari/.m2/repository/org/junit/jupiter/junit-jupiter/5.9.3/junit-jupiter-5.9.3.jar:/Users/fatemehjafari/.m2/repository/org/junit/jupiter/junit-jupiter-api/5.9.3/junit-jupiter-api-5.9.3.jar:/Users/fatemehjafari/.m2/repository/org/opentest4j/opentest4j/1.2.0/opentest4j-1.2.0.jar:/Users/fatemehjafari/.m2/repository/org/junit/platform/junit-platform-commons/1.9.3/junit-platform-commons-1.9.3.jar:/Users/fatemehjafari/.m2/repository/org/apiguardian/apiguardian-api/1.1.2/apiguardian-api-1.1.2.jar:/Users/fatemehjafari/.m2/repository/org/junit/jupiter/junit-jupiter-params/5.9.3/junit-jupiter-params-5.9.3.jar:/Users/fatemehjafari/.m2/repository/org/junit/jupiter/junit-jupiter-engine/5.9.3/junit-jupiter-engine-5.9.3.jar:/Users/fatemehjafari/.m2/repository/org/junit/platform/junit-platform-engine/1.9.3/junit-platform-engine-1.9.3.jar:/Users/fatemehjafari/.m2/repository/org/mockito/mockito-core/4.8.1/mockito-core-4.8.1.jar:/Users/fatemehjafari/.m2/repository/net/bytebuddy/byte-buddy-agent/1.12.23/byte-buddy-agent-1.12.23.jar:/Users/fatemehjafari/.m2/repository/org/objenesis/objenesis/3.2/objenesis-3.2.jar:/Users/fatemehjafari/.m2/repository/org/mockito/mockito-junit-jupiter/4.8.1/mockito-junit-jupiter-4.8.1.jar:/Users/fatemehjafari/.m2/repository/org/skyscreamer/jsonassert/1.5.1/jsonassert-1.5.1.jar:/Users/fatemehjafari/.m2/repository/com/vaadin/external/google/android-json/0.0.20131108.vaadin1/android-json-0.0.20131108.vaadin1.jar:/Users/fatemehjafari/.m2/repository/org/springframework/spring-core/6.0.9/spring-core-6.0.9.jar:/Users/fatemehjafari/.m2/repository/org/springframework/spring-jcl/6.0.9/spring-jcl-6.0.9.jar:/Users/fatemehjafari/.m2/repository/org/springframework/spring-test/6.0.9/spring-test-6.0.9.jar:/Users/fatemehjafari/.m2/repository/org/xmlunit/xmlunit-core/2.9.1/xmlunit-core-2.9.1.jar:/Users/fatemehjafari/.m2/repository/org/springframework/boot/spring-boot-devtools/3.0.7/spring-boot-devtools-3.0.7.jar:/Users/fatemehjafari/.m2/repository/org/springframework/boot/spring-boot/3.0.7/spring-boot-3.0.7.jar:/Users/fatemehjafari/.m2/repository/org/springframework/boot/spring-boot-autoconfigure/3.0.7/spring-boot-autoconfigure-3.0.7.jar:/Users/fatemehjafari/.m2/repository/org/springframework/boot/spring-boot-starter-actuator/3.0.7/spring-boot-starter-actuator-3.0.7.jar:/Users/fatemehjafari/.m2/repository/org/springframework/boot/spring-boot-actuator-autoconfigure/3.0.7/spring-boot-actuator-autoconfigure-3.0.7.jar:/Users/fatemehjafari/.m2/repository/org/springframework/boot/spring-boot-actuator/3.0.7/spring-boot-actuator-3.0.7.jar:/Users/fatemehjafari/.m2/repository/io/micrometer/micrometer-observation/1.10.7/micrometer-observation-1.10.7.jar:/Users/fatemehjafari/.m2/repository/io/micrometer/micrometer-commons/1.10.7/micrometer-commons-1.10.7.jar:/Users/fatemehjafari/.m2/repository/io/micrometer/micrometer-core/1.10.7/micrometer-core-1.10.7.jar:/Users/fatemehjafari/.m2/repository/org/hdrhistogram/HdrHistogram/2.1.12/HdrHistogram-2.1.12.jar:/Users/fatemehjafari/.m2/repository/org/latencyutils/LatencyUtils/2.0.3/LatencyUtils-2.0.3.jar:"/>
    <property name="java.vm.vendor" value="Oracle Corporation"/>
    <property name="sun.arch.data.model" value="64"/>
    <property name="java.vendor.url" value="https://java.oracle.com/"/>
    <property name="os.name" value="Mac OS X"/>
    <property name="java.vm.specification.version" value="17"/>
    <property name="sun.java.launcher" value="SUN_STANDARD"/>
    <property name="user.country" value="US"/>
    <property name="sun.boot.library.path" value="/Library/Java/JavaVirtualMachines/jdk-17.jdk/Contents/Home/lib"/>
    <property name="sun.java.command" value="/Users/fatemehjafari/Downloads/check24-coding-challenge/target/surefire/surefirebooter11904041516545341502.jar /Users/fatemehjafari/Downloads/check24-coding-challenge/target/surefire 2023-06-30T15-49-10_506-jvmRun1 surefire9684405060048042027tmp surefire_03670209345178065586tmp"/>
    <property name="http.nonProxyHosts" value="local|*.local|169.254/16|*.169.254/16"/>
    <property name="jdk.debug" value="release"/>
    <property name="surefire.test.class.path" value="/Users/fatemehjafari/Downloads/check24-coding-challenge/target/test-classes:/Users/fatemehjafari/Downloads/check24-coding-challenge/target/classes:/Users/fatemehjafari/.m2/repository/org/springframework/boot/spring-boot-starter-web/3.0.7/spring-boot-starter-web-3.0.7.jar:/Users/fatemehjafari/.m2/repository/org/springframework/boot/spring-boot-starter/3.0.7/spring-boot-starter-3.0.7.jar:/Users/fatemehjafari/.m2/repository/org/springframework/boot/spring-boot-starter-logging/3.0.7/spring-boot-starter-logging-3.0.7.jar:/Users/fatemehjafari/.m2/repository/ch/qos/logback/logback-classic/1.4.7/logback-classic-1.4.7.jar:/Users/fatemehjafari/.m2/repository/ch/qos/logback/logback-core/1.4.7/logback-core-1.4.7.jar:/Users/fatemehjafari/.m2/repository/org/apache/logging/log4j/log4j-to-slf4j/2.19.0/log4j-to-slf4j-2.19.0.jar:/Users/fatemehjafari/.m2/repository/org/apache/logging/log4j/log4j-api/2.19.0/log4j-api-2.19.0.jar:/Users/fatemehjafari/.m2/repository/org/slf4j/jul-to-slf4j/2.0.7/jul-to-slf4j-2.0.7.jar:/Users/fatemehjafari/.m2/repository/jakarta/annotation/jakarta.annotation-api/2.1.1/jakarta.annotation-api-2.1.1.jar:/Users/fatemehjafari/.m2/repository/org/yaml/snakeyaml/1.33/snakeyaml-1.33.jar:/Users/fatemehjafari/.m2/repository/org/springframework/boot/spring-boot-starter-json/3.0.7/spring-boot-starter-json-3.0.7.jar:/Users/fatemehjafari/.m2/repository/com/fasterxml/jackson/core/jackson-databind/2.14.3/jackson-databind-2.14.3.jar:/Users/fatemehjafari/.m2/repository/com/fasterxml/jackson/core/jackson-annotations/2.14.3/jackson-annotations-2.14.3.jar:/Users/fatemehjafari/.m2/repository/com/fasterxml/jackson/core/jackson-core/2.14.3/jackson-core-2.14.3.jar:/Users/fatemehjafari/.m2/repository/com/fasterxml/jackson/datatype/jackson-datatype-jdk8/2.14.3/jackson-datatype-jdk8-2.14.3.jar:/Users/fatemehjafari/.m2/repository/com/fasterxml/jackson/datatype/jackson-datatype-jsr310/2.14.3/jackson-datatype-jsr310-2.14.3.jar:/Users/fatemehjafari/.m2/repository/com/fasterxml/jackson/module/jackson-module-parameter-names/2.14.3/jackson-module-parameter-names-2.14.3.jar:/Users/fatemehjafari/.m2/repository/org/springframework/boot/spring-boot-starter-tomcat/3.0.7/spring-boot-starter-tomcat-3.0.7.jar:/Users/fatemehjafari/.m2/repository/org/apache/tomcat/embed/tomcat-embed-core/10.1.8/tomcat-embed-core-10.1.8.jar:/Users/fatemehjafari/.m2/repository/org/apache/tomcat/embed/tomcat-embed-el/10.1.8/tomcat-embed-el-10.1.8.jar:/Users/fatemehjafari/.m2/repository/org/apache/tomcat/embed/tomcat-embed-websocket/10.1.8/tomcat-embed-websocket-10.1.8.jar:/Users/fatemehjafari/.m2/repository/org/springframework/spring-web/6.0.9/spring-web-6.0.9.jar:/Users/fatemehjafari/.m2/repository/org/springframework/spring-beans/6.0.9/spring-beans-6.0.9.jar:/Users/fatemehjafari/.m2/repository/org/springframework/spring-webmvc/6.0.9/spring-webmvc-6.0.9.jar:/Users/fatemehjafari/.m2/repository/org/springframework/spring-aop/6.0.9/spring-aop-6.0.9.jar:/Users/fatemehjafari/.m2/repository/org/springframework/spring-context/6.0.9/spring-context-6.0.9.jar:/Users/fatemehjafari/.m2/repository/org/springframework/spring-expression/6.0.9/spring-expression-6.0.9.jar:/Users/fatemehjafari/.m2/repository/org/springframework/boot/spring-boot-starter-thymeleaf/3.0.7/spring-boot-starter-thymeleaf-3.0.7.jar:/Users/fatemehjafari/.m2/repository/org/thymeleaf/thymeleaf-spring6/3.1.1.RELEASE/thymeleaf-spring6-3.1.1.RELEASE.jar:/Users/fatemehjafari/.m2/repository/org/thymeleaf/thymeleaf/3.1.1.RELEASE/thymeleaf-3.1.1.RELEASE.jar:/Users/fatemehjafari/.m2/repository/org/attoparser/attoparser/2.0.6.RELEASE/attoparser-2.0.6.RELEASE.jar:/Users/fatemehjafari/.m2/repository/org/unbescape/unbescape/1.1.6.RELEASE/unbescape-1.1.6.RELEASE.jar:/Users/fatemehjafari/.m2/repository/org/slf4j/slf4j-api/2.0.7/slf4j-api-2.0.7.jar:/Users/fatemehjafari/.m2/repository/org/projectlombok/lombok/1.18.26/lombok-1.18.26.jar:/Users/fatemehjafari/.m2/repository/org/springframework/boot/spring-boot-starter-test/3.0.7/spring-boot-starter-test-3.0.7.jar:/Users/fatemehjafari/.m2/repository/org/springframework/boot/spring-boot-test/3.0.7/spring-boot-test-3.0.7.jar:/Users/fatemehjafari/.m2/repository/org/springframework/boot/spring-boot-test-autoconfigure/3.0.7/spring-boot-test-autoconfigure-3.0.7.jar:/Users/fatemehjafari/.m2/repository/com/jayway/jsonpath/json-path/2.7.0/json-path-2.7.0.jar:/Users/fatemehjafari/.m2/repository/net/minidev/json-smart/2.4.11/json-smart-2.4.11.jar:/Users/fatemehjafari/.m2/repository/net/minidev/accessors-smart/2.4.11/accessors-smart-2.4.11.jar:/Users/fatemehjafari/.m2/repository/org/ow2/asm/asm/9.3/asm-9.3.jar:/Users/fatemehjafari/.m2/repository/jakarta/xml/bind/jakarta.xml.bind-api/4.0.0/jakarta.xml.bind-api-4.0.0.jar:/Users/fatemehjafari/.m2/repository/jakarta/activation/jakarta.activation-api/2.1.2/jakarta.activation-api-2.1.2.jar:/Users/fatemehjafari/.m2/repository/org/assertj/assertj-core/3.23.1/assertj-core-3.23.1.jar:/Users/fatemehjafari/.m2/repository/net/bytebuddy/byte-buddy/1.12.23/byte-buddy-1.12.23.jar:/Users/fatemehjafari/.m2/repository/org/hamcrest/hamcrest/2.2/hamcrest-2.2.jar:/Users/fatemehjafari/.m2/repository/org/junit/jupiter/junit-jupiter/5.9.3/junit-jupiter-5.9.3.jar:/Users/fatemehjafari/.m2/repository/org/junit/jupiter/junit-jupiter-api/5.9.3/junit-jupiter-api-5.9.3.jar:/Users/fatemehjafari/.m2/repository/org/opentest4j/opentest4j/1.2.0/opentest4j-1.2.0.jar:/Users/fatemehjafari/.m2/repository/org/junit/platform/junit-platform-commons/1.9.3/junit-platform-commons-1.9.3.jar:/Users/fatemehjafari/.m2/repository/org/apiguardian/apiguardian-api/1.1.2/apiguardian-api-1.1.2.jar:/Users/fatemehjafari/.m2/repository/org/junit/jupiter/junit-jupiter-params/5.9.3/junit-jupiter-params-5.9.3.jar:/Users/fatemehjafari/.m2/repository/org/junit/jupiter/junit-jupiter-engine/5.9.3/junit-jupiter-engine-5.9.3.jar:/Users/fatemehjafari/.m2/repository/org/junit/platform/junit-platform-engine/1.9.3/junit-platform-engine-1.9.3.jar:/Users/fatemehjafari/.m2/repository/org/mockito/mockito-core/4.8.1/mockito-core-4.8.1.jar:/Users/fatemehjafari/.m2/repository/net/bytebuddy/byte-buddy-agent/1.12.23/byte-buddy-agent-1.12.23.jar:/Users/fatemehjafari/.m2/repository/org/objenesis/objenesis/3.2/objenesis-3.2.jar:/Users/fatemehjafari/.m2/repository/org/mockito/mockito-junit-jupiter/4.8.1/mockito-junit-jupiter-4.8.1.jar:/Users/fatemehjafari/.m2/repository/org/skyscreamer/jsonassert/1.5.1/jsonassert-1.5.1.jar:/Users/fatemehjafari/.m2/repository/com/vaadin/external/google/android-json/0.0.20131108.vaadin1/android-json-0.0.20131108.vaadin1.jar:/Users/fatemehjafari/.m2/repository/org/springframework/spring-core/6.0.9/spring-core-6.0.9.jar:/Users/fatemehjafari/.m2/repository/org/springframework/spring-jcl/6.0.9/spring-jcl-6.0.9.jar:/Users/fatemehjafari/.m2/repository/org/springframework/spring-test/6.0.9/spring-test-6.0.9.jar:/Users/fatemehjafari/.m2/repository/org/xmlunit/xmlunit-core/2.9.1/xmlunit-core-2.9.1.jar:/Users/fatemehjafari/.m2/repository/org/springframework/boot/spring-boot-devtools/3.0.7/spring-boot-devtools-3.0.7.jar:/Users/fatemehjafari/.m2/repository/org/springframework/boot/spring-boot/3.0.7/spring-boot-3.0.7.jar:/Users/fatemehjafari/.m2/repository/org/springframework/boot/spring-boot-autoconfigure/3.0.7/spring-boot-autoconfigure-3.0.7.jar:/Users/fatemehjafari/.m2/repository/org/springframework/boot/spring-boot-starter-actuator/3.0.7/spring-boot-starter-actuator-3.0.7.jar:/Users/fatemehjafari/.m2/repository/org/springframework/boot/spring-boot-actuator-autoconfigure/3.0.7/spring-boot-actuator-autoconfigure-3.0.7.jar:/Users/fatemehjafari/.m2/repository/org/springframework/boot/spring-boot-actuator/3.0.7/spring-boot-actuator-3.0.7.jar:/Users/fatemehjafari/.m2/repository/io/micrometer/micrometer-observation/1.10.7/micrometer-observation-1.10.7.jar:/Users/fatemehjafari/.m2/repository/io/micrometer/micrometer-commons/1.10.7/micrometer-commons-1.10.7.jar:/Users/fatemehjafari/.m2/repository/io/micrometer/micrometer-core/1.10.7/micrometer-core-1.10.7.jar:/Users/fatemehjafari/.m2/repository/org/hdrhistogram/HdrHistogram/2.1.12/HdrHistogram-2.1.12.jar:/Users/fatemehjafari/.m2/repository/org/latencyutils/LatencyUtils/2.0.3/LatencyUtils-2.0.3.jar:"/>
    <property name="sun.cpu.endian" value="little"/>
    <property name="user.home" value="/Users/fatemehjafari"/>
    <property name="user.language" value="en"/>
    <property name="java.specification.vendor" value="Oracle Corporation"/>
    <property name="java.version.date" value="2023-04-18"/>
    <property name="java.home" value="/Library/Java/JavaVirtualMachines/jdk-17.jdk/Contents/Home"/>
    <property name="file.separator" value="/"/>
    <property name="basedir" value="/Users/fatemehjafari/Downloads/check24-coding-challenge"/>
    <property name="java.vm.compressedOopsMode" value="Zero based"/>
    <property name="line.separator" value="&#10;"/>
    <property name="java.specification.name" value="Java Platform API Specification"/>
    <property name="java.vm.specification.vendor" value="Oracle Corporation"/>
    <property name="surefire.real.class.path" value="/Users/fatemehjafari/Downloads/check24-coding-challenge/target/surefire/surefirebooter11904041516545341502.jar"/>
    <property name="sun.management.compiler" value="HotSpot 64-Bit Tiered Compilers"/>
    <property name="ftp.nonProxyHosts" value="local|*.local|169.254/16|*.169.254/16"/>
    <property name="java.runtime.version" value="17.0.7+8-LTS-224"/>
    <property name="user.name" value="fatemehjafari"/>
    <property name="path.separator" value=":"/>
    <property name="os.version" value="13.2.1"/>
    <property name="java.runtime.name" value="Java(TM) SE Runtime Environment"/>
    <property name="file.encoding" value="UTF-8"/>
    <property name="java.vm.name" value="Java HotSpot(TM) 64-Bit Server VM"/>
    <property name="localRepository" value="/Users/fatemehjafari/.m2/repository"/>
    <property name="java.vendor.url.bug" value="https://bugreport.java.com/bugreport/"/>
    <property name="java.io.tmpdir" value="/var/folders/dw/dcy9n5z10z3cgchcct3th1m00000gn/T/"/>
    <property name="idea.version" value="2022.1.3"/>
    <property name="java.version" value="17.0.7"/>
    <property name="user.dir" value="/Users/fatemehjafari/Downloads/check24-coding-challenge"/>
    <property name="os.arch" value="x86_64"/>
    <property name="java.vm.specification.name" value="Java Virtual Machine Specification"/>
    <property name="native.encoding" value="UTF-8"/>
    <property name="java.library.path" value="/Users/fatemehjafari/Library/Java/Extensions:/Library/Java/Extensions:/Network/Library/Java/Extensions:/System/Library/Java/Extensions:/usr/lib/java:."/>
    <property name="java.vm.info" value="mixed mode, sharing"/>
    <property name="java.vendor" value="Oracle Corporation"/>
    <property name="java.vm.version" value="17.0.7+8-LTS-224"/>
    <property name="sun.io.unicode.encoding" value="UnicodeBig"/>
    <property name="socksNonProxyHosts" value="local|*.local|169.254/16|*.169.254/16"/>
    <property name="java.class.version" value="61.0"/>
  </properties>
  <testcase name="index" classname="de.check24.challenge.web.controller.IndexControllerTest" time="0.082"/>
</testsuite>